<?xml version="1.0" encoding="UTF-8"?>
<!-- Generated by org.testng.reporters.JUnitReportReporter -->
<testsuite hostname="ITEM-S85919" failures="0" tests="4" name="miro.MiroReport" time="0.000" errors="0" timestamp="2022-04-03T21:24:32 CEST" skipped="0">
  <testcase classname="miro.MiroReport" name="getFirefox" time="0.000"/>
  <system-out>
    <![CDATA[Miro reporterxxxx]]>
  </system-out>
  <testcase classname="miro.MiroReport" name="getChorme" time="0.000"/>
  <system-out/>
  <testcase classname="miro.MiroReport" name="getEdge" time="0.000"/>
  <system-out/>
  <testcase classname="miro.MiroReport" name="getIE" time="0.000"/>
  <system-out/>
</testsuite> <!-- miro.MiroReport -->
